<?xml version="1.0" encoding="UTF-8"?>
<!-- Generated by org.testng.reporters.JUnitReportReporter -->
<testsuite hostname="fv-az182-629" failures="0" tests="2" name="runner.TestRunner" time="10.926" errors="0" timestamp="2022-02-20T15:26:11 UTC" skipped="0">
  <testcase classname="runner.TestRunner" name="runScenario" time="9.821"/>
  <system-out/>
  <testcase classname="runner.TestRunner" name="runScenario" time="1.105"/>
  <system-out/>
</testsuite> <!-- runner.TestRunner -->
