<?xml version="1.0" encoding="UTF-8"?>
<!-- Generated by org.testng.reporters.JUnitReportReporter -->
<testsuite hostname="Resh" failures="0" tests="2" name="runner.TestRunner" time="6.755" errors="0" timestamp="2022-02-20T19:42:09 AZT" skipped="0">
  <testcase classname="runner.TestRunner" name="runScenario" time="2.672"/>
  <system-out/>
  <testcase classname="runner.TestRunner" name="runScenario" time="4.083"/>
  <system-out/>
</testsuite> <!-- runner.TestRunner -->
